  Node.cpp
D:\DSA\DSAlab06\Lab06\LinkedList.h(245,8): error C2535: 'bool LinkedList<T>::IsEmpty(void)': member function already defined or declared
D:\DSA\DSAlab06\Lab06\LinkedList.h(14,7): message : see declaration of 'LinkedList<T>::IsEmpty'
D:\DSA\DSAlab06\Lab06\LinkedList.h(320,2): message : see reference to class template instantiation 'LinkedList<T>' being compiled
D:\DSA\DSAlab06\Lab06\LinkedList.h(239,4): error C3861: 'Q': identifier not found
D:\DSA\DSAlab06\Lab06\LinkedList.h(239,4): error C2065: 'Q': undeclared identifier
D:\DSA\DSAlab06\Lab06\LinkedList.h(243,4): error C3861: 'Q': identifier not found
D:\DSA\DSAlab06\Lab06\LinkedList.h(243,17): error C3861: 'Q': identifier not found
D:\DSA\DSAlab06\Lab06\LinkedList.h(243,4): error C2065: 'Q': undeclared identifier
D:\DSA\DSAlab06\Lab06\LinkedList.h(243,17): error C2065: 'Q': undeclared identifier
D:\DSA\DSAlab06\Lab06\LinkedList.h(247,11): error C3861: 'Q': identifier not found
D:\DSA\DSAlab06\Lab06\LinkedList.h(247,11): error C2065: 'Q': undeclared identifier
D:\DSA\DSAlab06\Lab06\LinkedList.h(252,4): error C3861: 'S': identifier not found
D:\DSA\DSAlab06\Lab06\LinkedList.h(252,4): error C2065: 'S': undeclared identifier
D:\DSA\DSAlab06\Lab06\LinkedList.h(256,11): error C3861: 'S': identifier not found
D:\DSA\DSAlab06\Lab06\LinkedList.h(256,11): error C2065: 'S': undeclared identifier
D:\DSA\DSAlab06\Lab06\LinkedList.h(259,11): error C3861: 'S': identifier not found
D:\DSA\DSAlab06\Lab06\LinkedList.h(259,11): error C2065: 'S': undeclared identifier
D:\DSA\DSAlab06\Lab06\LinkedList.h(307,4): error C2065: 'arr': undeclared identifier
D:\DSA\DSAlab06\Lab06\LinkedList.h(308,4): error C3878: syntax error: unexpected token 'for' following 'expression'
D:\DSA\DSAlab06\Lab06\LinkedList.h(308,4): message : error recovery skipped: 'for ( int  . . . constant'
D:\DSA\DSAlab06\Lab06\LinkedList.h(308,20): error C2065: 'i': undeclared identifier
D:\DSA\DSAlab06\Lab06\LinkedList.h(308,31): error C2065: 'arr': undeclared identifier
D:\DSA\DSAlab06\Lab06\LinkedList.h(308,37): error C2065: 'i': undeclared identifier
D:\DSA\DSAlab06\Lab06\LinkedList.h(308,40): error C2760: syntax error: ')' was unexpected here; expected ';'
D:\DSA\DSAlab06\Lab06\LinkedList.h(308,40): error C3878: syntax error: unexpected token ')' following 'expression_statement'
D:\DSA\DSAlab06\Lab06\LinkedList.h(308,40): message : error recovery skipped: ')'
D:\DSA\DSAlab06\Lab06\LinkedList.h(310,19): error C2065: 'arr': undeclared identifier
D:\DSA\DSAlab06\Lab06\LinkedList.h(310,23): error C2065: 'i': undeclared identifier
D:\DSA\DSAlab06\Lab06\LinkedList.h(311,13): error C2065: 'i': undeclared identifier
D:\DSA\DSAlab06\Lab06\LinkedList.h(312,12): error C2065: 'arr': undeclared identifier
D:\DSA\DSAlab06\Lab06\LinkedList.h(314,6): error C2065: 'arr': undeclared identifier
D:\DSA\DSAlab06\Lab06\LinkedList.h(314,19): error C2065: 'arr': undeclared identifier
D:\DSA\DSAlab06\Lab06\LinkedList.h(317,5): error C2065: 'arr': undeclared identifier
D:\DSA\DSAlab06\Lab06\LinkedList.h(245,8): error C2535: 'bool LinkedList<int>::IsEmpty(void)': member function already defined or declared
D:\DSA\DSAlab06\Lab06\LinkedList.h(14,7): message : see declaration of 'LinkedList<int>::IsEmpty'
D:\DSA\DSAlab06\Lab06\Node.cpp(8,18): message : see reference to class template instantiation 'LinkedList<int>' being compiled
